# JRE version: Java(TM) SE Runtime Environment (21.0.5+9) (build 21.0.5+9-LTS-239)
# Java VM: Java HotSpot(TM) 64-Bit Server VM (21.0.5+9-LTS-239, mixed mode, sharing, tiered, compressed oops, compressed class ptrs, g1 gc, windows-amd64)
GC Precious Log:
 CardTable entry size: 512
 Card Set container configuration: InlinePtr #cards 5 size 8 Array Of Cards #cards 12 size 40 Howl #buckets 4 coarsen threshold 1843 Howl Bitmap #cards 512 size 80 coarsen threshold 460 Card regions per heap region 1 cards per card region 2048
 CPUs: 8 total, 8 available
 Memory: 8022M
 Large Page Support: Disabled
 NUMA Support: Disabled
 Compressed Oops: Enabled (32-bit)
 Heap Region Size: 1M
 Heap Min Capacity: 8M
 Heap Initial Capacity: 126M
 Heap Max Capacity: 2006M
 Pre-touch: Disabled
 Parallel Workers: 8
 Concurrent Workers: 2
 Concurrent Refinement Workers: 8
 Periodic GC: Disabled
Heap:
 garbage-first heap   total 96256K, used 50838K [0x0000000082a00000, 0x0000000100000000)
  region size 1024K, 7 young (7168K), 1 survivors (1024K)
 Metaspace       used 50821K, committed 51840K, reserved 1114112K
  class space    used 6258K, committed 6656K, reserved 1048576K
GC Heap History (20 events):
Event: 8.000 GC heap before
{Heap before GC invocations=3 (full 0):
 garbage-first heap   total 129024K, used 65120K [0x0000000082a00000, 0x0000000100000000)
  region size 1024K, 61 young (62464K), 8 survivors (8192K)
 Metaspace       used 21195K, committed 21504K, reserved 1114112K
  class space    used 2434K, committed 2560K, reserved 1048576K
}
Event: 8.020 GC heap after
{Heap after GC invocations=4 (full 0):
 garbage-first heap   total 129024K, used 15413K [0x0000000082a00000, 0x0000000100000000)
  region size 1024K, 4 young (4096K), 4 survivors (4096K)
 Metaspace       used 21195K, committed 21504K, reserved 1114112K
  class space    used 2434K, committed 2560K, reserved 1048576K
}
Event: 9.119 GC heap before
{Heap before GC invocations=5 (full 0):
 garbage-first heap   total 58368K, used 56373K [0x0000000082a00000, 0x0000000100000000)
  region size 1024K, 43 young (44032K), 4 survivors (4096K)
 Metaspace       used 25915K, committed 26304K, reserved 1114112K
  class space    used 2902K, committed 3072K, reserved 1048576K
}
Event: 9.148 GC heap after
{Heap after GC invocations=6 (full 0):
 garbage-first heap   total 77824K, used 33026K [0x0000000082a00000, 0x0000000100000000)
  region size 1024K, 10 young (10240K), 10 survivors (10240K)
 Metaspace       used 25915K, committed 26304K, reserved 1114112K
  class space    used 2902K, committed 3072K, reserved 1048576K
}
Event: 9.653 GC heap before
{Heap before GC invocations=6 (full 0):
 garbage-first heap   total 77824K, used 61698K [0x0000000082a00000, 0x0000000100000000)
  region size 1024K, 38 young (38912K), 10 survivors (10240K)
 Metaspace       used 26500K, committed 26816K, reserved 1114112K
  class space    used 2970K, committed 3072K, reserved 1048576K
}
Event: 9.671 GC heap after
{Heap after GC invocations=7 (full 0):
 garbage-first heap   total 79872K, used 39424K [0x0000000082a00000, 0x0000000100000000)
  region size 1024K, 5 young (5120K), 5 survivors (5120K)
 Metaspace       used 26500K, committed 26816K, reserved 1114112K
  class space    used 2970K, committed 3072K, reserved 1048576K
}
Event: 10.422 GC heap before
{Heap before GC invocations=7 (full 0):
 garbage-first heap   total 79872K, used 62976K [0x0000000082a00000, 0x0000000100000000)
  region size 1024K, 29 young (29696K), 5 survivors (5120K)
 Metaspace       used 27582K, committed 27904K, reserved 1114112K
  class space    used 3072K, committed 3200K, reserved 1048576K
}
Event: 10.470 GC heap after
{Heap after GC invocations=8 (full 0):
 garbage-first heap   total 96256K, used 43507K [0x0000000082a00000, 0x0000000100000000)
  region size 1024K, 4 young (4096K), 4 survivors (4096K)
 Metaspace       used 27582K, committed 27904K, reserved 1114112K
  class space    used 3072K, committed 3200K, reserved 1048576K
}
Event: 12.093 GC heap before
{Heap before GC invocations=8 (full 0):
 garbage-first heap   total 96256K, used 76275K [0x0000000082a00000, 0x0000000100000000)
  region size 1024K, 37 young (37888K), 4 survivors (4096K)
 Metaspace       used 28896K, committed 29248K, reserved 1114112K
  class space    used 3197K, committed 3328K, reserved 1048576K
}
Event: 12.113 GC heap after
{Heap after GC invocations=9 (full 0):
 garbage-first heap   total 96256K, used 44778K [0x0000000082a00000, 0x0000000100000000)
  region size 1024K, 1 young (1024K), 1 survivors (1024K)
 Metaspace       used 28896K, committed 29248K, reserved 1114112K
  class space    used 3197K, committed 3328K, reserved 1048576K
}
Event: 14.035 GC heap before
{Heap before GC invocations=9 (full 0):
 garbage-first heap   total 96256K, used 79594K [0x0000000082a00000, 0x0000000100000000)
  region size 1024K, 35 young (35840K), 1 survivors (1024K)
 Metaspace       used 30944K, committed 31296K, reserved 1114112K
  class space    used 3401K, committed 3520K, reserved 1048576K
}
Event: 14.054 GC heap after
{Heap after GC invocations=10 (full 0):
 garbage-first heap   total 96256K, used 46863K [0x0000000082a00000, 0x0000000100000000)
  region size 1024K, 4 young (4096K), 4 survivors (4096K)
 Metaspace       used 30944K, committed 31296K, reserved 1114112K
  class space    used 3401K, committed 3520K, reserved 1048576K
}
Event: 15.716 GC heap before
{Heap before GC invocations=11 (full 0):
 garbage-first heap   total 96256K, used 82703K [0x0000000082a00000, 0x0000000100000000)
  region size 1024K, 38 young (38912K), 4 survivors (4096K)
 Metaspace       used 36835K, committed 37312K, reserved 1114112K
  class space    used 4074K, committed 4288K, reserved 1048576K
}
Event: 15.743 GC heap after
{Heap after GC invocations=12 (full 0):
 garbage-first heap   total 96256K, used 54272K [0x0000000082a00000, 0x0000000100000000)
  region size 1024K, 5 young (5120K), 5 survivors (5120K)
 Metaspace       used 36835K, committed 37312K, reserved 1114112K
  class space    used 4074K, committed 4288K, reserved 1048576K
}
Event: 17.277 GC heap before
{Heap before GC invocations=12 (full 0):
 garbage-first heap   total 96256K, used 81920K [0x0000000082a00000, 0x0000000100000000)
  region size 1024K, 32 young (32768K), 5 survivors (5120K)
 Metaspace       used 43476K, committed 44160K, reserved 1114112K
  class space    used 4951K, committed 5248K, reserved 1048576K
}
Event: 17.286 GC heap after
{Heap after GC invocations=13 (full 0):
 garbage-first heap   total 96256K, used 47237K [0x0000000082a00000, 0x0000000100000000)
  region size 1024K, 3 young (3072K), 3 survivors (3072K)
 Metaspace       used 43476K, committed 44160K, reserved 1114112K
  class space    used 4951K, committed 5248K, reserved 1048576K
}
Event: 49.206 GC heap before
{Heap before GC invocations=13 (full 0):
 garbage-first heap   total 96256K, used 72837K [0x0000000082a00000, 0x0000000100000000)
  region size 1024K, 30 young (30720K), 3 survivors (3072K)
 Metaspace       used 51400K, committed 52288K, reserved 1114112K
  class space    used 6270K, committed 6656K, reserved 1048576K
}
Event: 49.217 GC heap after
{Heap after GC invocations=14 (full 0):
 garbage-first heap   total 96256K, used 46190K [0x0000000082a00000, 0x0000000100000000)
  region size 1024K, 5 young (5120K), 5 survivors (5120K)
 Metaspace       used 51400K, committed 52288K, reserved 1114112K
  class space    used 6270K, committed 6656K, reserved 1048576K
}
Event: 49.554 GC heap before
{Heap before GC invocations=14 (full 0):
 garbage-first heap   total 96256K, used 47214K [0x0000000082a00000, 0x0000000100000000)
  region size 1024K, 8 young (8192K), 5 survivors (5120K)
 Metaspace       used 51743K, committed 52608K, reserved 1114112K
  class space    used 6342K, committed 6720K, reserved 1048576K
}
Event: 49.563 GC heap after
{Heap after GC invocations=15 (full 0):
 garbage-first heap   total 96256K, used 46742K [0x0000000082a00000, 0x0000000100000000)
  region size 1024K, 1 young (1024K), 1 survivors (1024K)
 Metaspace       used 51743K, committed 52608K, reserved 1114112K
  class space    used 6342K, committed 6720K, reserved 1048576K
}

