<?xml version="1.0" encoding="UTF-8"?>
<!-- Generated by org.testng.reporters.JUnitXMLReporter -->
<testsuite ignored="0" hostname="LAPTOP-5MIEA1I1" failures="0" tests="2" name="Test" time="0.128" errors="0" timestamp="2025-12-19T17:31:22 IST">
  <testcase classname="testBase.BaseClass" name="@BeforeClass setup" time="0.052">
    <failure type="java.net.MalformedURLException" message="no protocol: //http://192.168.1.4:4444/">
      <![CDATA[java.net.MalformedURLException: no protocol: //http://192.168.1.4:4444/
at java.base/java.net.URL.<init>(URL.java:672)
at java.base/java.net.URL.<init>(URL.java:568)
at java.base/java.net.URL.<init>(URL.java:515)
at testBase.BaseClass.setup(BaseClass.java:63)
at java.base/java.util.ArrayList.forEach(ArrayList.java:1511)
... Removed 25 stack frames]]>
    </failure>
  </testcase> <!-- @BeforeClass setup -->
  <testcase classname="testBase.BaseClass" name="@AfterClass teadDown" time="0.0">
    <skipped/>
  </testcase> <!-- @AfterClass teadDown -->
  <testcase classname="testBase.BaseClass" name="@BeforeClass setup" time="0.001">
    <failure type="java.net.MalformedURLException" message="no protocol: //http://192.168.1.4:4444/">
      <![CDATA[java.net.MalformedURLException: no protocol: //http://192.168.1.4:4444/
at java.base/java.net.URL.<init>(URL.java:672)
at java.base/java.net.URL.<init>(URL.java:568)
at java.base/java.net.URL.<init>(URL.java:515)
at testBase.BaseClass.setup(BaseClass.java:63)
at java.base/java.util.ArrayList.forEach(ArrayList.java:1511)
... Removed 25 stack frames]]>
    </failure>
  </testcase> <!-- @BeforeClass setup -->
  <testcase classname="testBase.BaseClass" name="@AfterClass teadDown" time="0.0">
    <skipped/>
  </testcase> <!-- @AfterClass teadDown -->
  <testcase classname="testCases.TC_001_AccountRegistrationTest" name="test_account_Registration" time="0.0">
    <skipped/>
  </testcase> <!-- test_account_Registration -->
  <testcase classname="testCases.TC_002_LoginTest" name="test_Login" time="0.0">
    <skipped/>
  </testcase> <!-- test_Login -->
</testsuite> <!-- Test -->
