<?xml version="1.0" encoding="UTF-8"?>
<testsuite xmlns:xsi="http://www.w3.org/2001/XMLSchema-instance" xsi:noNamespaceSchemaLocation="https://maven.apache.org/surefire/maven-surefire-plugin/xsd/surefire-test-report.xsd" version="3.0.2" name="TestSuite" time="19.394" tests="2" errors="0" skipped="0" failures="0">
  <properties>
[...]
</properties>
  <testcase name="test_account_Registration" classname="testCases.TC_001_AccountRegistrationTest" time="5.346"/>
  <testcase name="test_Login" classname="testCases.TC_002_LoginTest" time="1.778"/>
</testsuite>