<?xml version="1.0" encoding="UTF-8"?>
<testng-results ignored="0" total="1" passed="1" failed="0" skipped="0">
  <reporter-output>
  </reporter-output>
  <suite started-at="2026-01-09T12:00:11 IST" name="Master Suite" finished-at="2026-01-09T12:00:20 IST" duration-ms="9308">
    <groups>
    </groups>
    <test started-at="2026-01-09T12:00:11 IST" name="Test" finished-at="2026-01-09T12:00:20 IST" duration-ms="9308">
      <class name="testCases.TC_003_EndToEnd">
        <test-method is-config="true" signature="setup(java.lang.String,java.lang.String)[pri:0, instance:testCases.TC_003_EndToEnd@4233e892]" started-at="2026-01-09T12:00:11 IST" name="setup" finished-at="2026-01-09T12:00:15 IST" duration-ms="3699" status="PASS">
          <params>
            <param index="0">
              <value>
                <![CDATA[windows]]>
              </value>
            </param>
            <param index="1">
              <value>
                <![CDATA[chrome]]>
              </value>
            </param>
          </params>
          <reporter-output>
          </reporter-output>
        </test-method> <!-- setup -->
        <test-method signature="Endtoend()[pri:0, instance:testCases.TC_003_EndToEnd@4233e892]" started-at="2026-01-09T12:00:15 IST" name="Endtoend" finished-at="2026-01-09T12:00:20 IST" duration-ms="5196" status="PASS">
          <reporter-output>
          </reporter-output>
        </test-method> <!-- Endtoend -->
        <test-method is-config="true" signature="teadDown()[pri:0, instance:testCases.TC_003_EndToEnd@4233e892]" started-at="2026-01-09T12:00:20 IST" name="teadDown" finished-at="2026-01-09T12:00:20 IST" duration-ms="369" status="PASS">
          <reporter-output>
          </reporter-output>
        </test-method> <!-- teadDown -->
      </class> <!-- testCases.TC_003_EndToEnd -->
    </test> <!-- Test -->
  </suite> <!-- Master Suite -->
</testng-results>
