<?xml version="1.0" encoding="UTF-8"?>
<testng-results ignored="0" total="1" passed="1" failed="0" skipped="0">
  <reporter-output>
  </reporter-output>
  <suite started-at="2026-01-12T12:47:40 IST" name="Master Suite" finished-at="2026-01-12T12:47:50 IST" duration-ms="9823">
    <groups>
    </groups>
    <test started-at="2026-01-12T12:47:40 IST" name="Test" finished-at="2026-01-12T12:47:50 IST" duration-ms="9823">
      <class name="testCases.TC_004_SearchPage">
        <test-method is-config="true" signature="setup(java.lang.String,java.lang.String)[pri:0, instance:testCases.TC_004_SearchPage@77d2e85]" started-at="2026-01-12T12:47:40 IST" name="setup" finished-at="2026-01-12T12:47:43 IST" duration-ms="2418" status="PASS">
          <params>
            <param index="0">
              <value>
                <![CDATA[windows]]>
              </value>
            </param>
            <param index="1">
              <value>
                <![CDATA[chrome]]>
              </value>
            </param>
          </params>
          <reporter-output>
          </reporter-output>
        </test-method> <!-- setup -->
        <test-method signature="verify_product()[pri:0, instance:testCases.TC_004_SearchPage@77d2e85]" started-at="2026-01-12T12:47:43 IST" name="verify_product" finished-at="2026-01-12T12:47:50 IST" duration-ms="7097" status="PASS">
          <reporter-output>
          </reporter-output>
        </test-method> <!-- verify_product -->
        <test-method is-config="true" signature="teadDown()[pri:0, instance:testCases.TC_004_SearchPage@77d2e85]" started-at="2026-01-12T12:47:50 IST" name="teadDown" finished-at="2026-01-12T12:47:50 IST" duration-ms="255" status="PASS">
          <reporter-output>
          </reporter-output>
        </test-method> <!-- teadDown -->
      </class> <!-- testCases.TC_004_SearchPage -->
    </test> <!-- Test -->
  </suite> <!-- Master Suite -->
</testng-results>
