<?xml version="1.0" encoding="UTF-8"?>
<testng-results ignored="0" total="1" passed="1" failed="0" skipped="0">
  <reporter-output>
  </reporter-output>
  <suite started-at="2026-01-19T11:45:16 IST" name="Master Suite" finished-at="2026-01-19T11:45:44 IST" duration-ms="28139">
    <groups>
      <group name="Master">
        <method signature="TC_006_EndToEnd.endToendTest()[pri:0, instance:testCases.TC_006_EndToEnd@792bbc74]" name="endToendTest" class="testCases.TC_006_EndToEnd"/>
      </group> <!-- Master -->
    </groups>
    <test started-at="2026-01-19T11:45:16 IST" name="Test" finished-at="2026-01-19T11:45:44 IST" duration-ms="28139">
      <class name="testCases.TC_006_EndToEnd">
        <test-method is-config="true" signature="setup(java.lang.String,java.lang.String)[pri:0, instance:testCases.TC_006_EndToEnd@792bbc74]" started-at="2026-01-19T11:45:16 IST" name="setup" finished-at="2026-01-19T11:45:20 IST" duration-ms="4100" status="PASS">
          <params>
            <param index="0">
              <value>
                <![CDATA[windows]]>
              </value>
            </param>
            <param index="1">
              <value>
                <![CDATA[chrome]]>
              </value>
            </param>
          </params>
          <reporter-output>
          </reporter-output>
        </test-method> <!-- setup -->
        <test-method signature="endToendTest()[pri:0, instance:testCases.TC_006_EndToEnd@792bbc74]" started-at="2026-01-19T11:45:20 IST" name="endToendTest" finished-at="2026-01-19T11:45:44 IST" duration-ms="23717" status="PASS">
          <reporter-output>
          </reporter-output>
        </test-method> <!-- endToendTest -->
        <test-method is-config="true" signature="teadDown()[pri:0, instance:testCases.TC_006_EndToEnd@792bbc74]" started-at="2026-01-19T11:45:44 IST" name="teadDown" finished-at="2026-01-19T11:45:44 IST" duration-ms="276" status="PASS">
          <reporter-output>
          </reporter-output>
        </test-method> <!-- teadDown -->
      </class> <!-- testCases.TC_006_EndToEnd -->
    </test> <!-- Test -->
  </suite> <!-- Master Suite -->
</testng-results>
