<?xml version="1.0" encoding="UTF-8"?>
<testng-results ignored="0" total="1" passed="1" failed="0" skipped="0">
  <reporter-output>
  </reporter-output>
  <suite started-at="2026-05-17T12:23:37 IST" name="Master Suite" finished-at="2026-05-17T12:23:47 IST" duration-ms="9668">
    <groups>
    </groups>
    <test started-at="2026-05-17T12:23:37 IST" name="Test" finished-at="2026-05-17T12:23:47 IST" duration-ms="9668">
      <class name="testCases.TC__007_OrderHistory">
        <test-method is-config="true" signature="setup(java.lang.String,java.lang.String)[pri:0, instance:testCases.TC__007_OrderHistory@1817f1eb]" started-at="2026-05-17T12:23:37 IST" name="setup" finished-at="2026-05-17T12:23:44 IST" duration-ms="6771" status="PASS">
          <params>
            <param index="0">
              <value>
                <![CDATA[windows]]>
              </value>
            </param>
            <param index="1">
              <value>
                <![CDATA[chrome]]>
              </value>
            </param>
          </params>
          <reporter-output>
          </reporter-output>
        </test-method> <!-- setup -->
        <test-method signature="orderHistory()[pri:0, instance:testCases.TC__007_OrderHistory@1817f1eb]" started-at="2026-05-17T12:23:44 IST" name="orderHistory" finished-at="2026-05-17T12:23:47 IST" duration-ms="2432" status="PASS">
          <reporter-output>
          </reporter-output>
        </test-method> <!-- orderHistory -->
        <test-method is-config="true" signature="teadDown()[pri:0, instance:testCases.TC__007_OrderHistory@1817f1eb]" started-at="2026-05-17T12:23:47 IST" name="teadDown" finished-at="2026-05-17T12:23:47 IST" duration-ms="416" status="PASS">
          <reporter-output>
          </reporter-output>
        </test-method> <!-- teadDown -->
      </class> <!-- testCases.TC__007_OrderHistory -->
    </test> <!-- Test -->
  </suite> <!-- Master Suite -->
</testng-results>
