<?xml version="1.0" encoding="UTF-8"?>
<!-- Generated by org.testng.reporters.JUnitReportReporter -->
<testsuite hostname="LAPTOP-5MIEA1I1" failures="0" tests="3" name="testCases.TC_001_AccountRegistrationTest" time="14.175" errors="0" timestamp="2026-01-13T15:27:04 IST" skipped="0">
  <testcase classname="testCases.TC_001_AccountRegistrationTest" name="test_account_Registration" time="4.438"/>
  <testcase classname="testCases.TC_001_AccountRegistrationTest" name="test_account_Registration" time="5.415"/>
  <testcase classname="testCases.TC_001_AccountRegistrationTest" name="test_account_Registration" time="4.322"/>
</testsuite> <!-- testCases.TC_001_AccountRegistrationTest -->
