<?xml version="1.0" encoding="UTF-8"?>
<!-- Generated by org.testng.reporters.JUnitReportReporter -->
<testsuite hostname="LAPTOP-5MIEA1I1" failures="0" tests="5" name="testCases.TC_003_LoginDDT" time="40.668" errors="0" timestamp="2026-01-13T15:22:40 IST" skipped="0">
  <testcase classname="testCases.TC_003_LoginDDT" name="verify_loginDDT" time="1.989"/>
  <testcase classname="testCases.TC_003_LoginDDT" name="verify_loginDDT" time="2.005"/>
  <testcase classname="testCases.TC_003_LoginDDT" name="verify_loginDDT" time="13.837"/>
  <testcase classname="testCases.TC_003_LoginDDT" name="verify_loginDDT" time="11.556"/>
  <testcase classname="testCases.TC_003_LoginDDT" name="verify_loginDDT" time="11.281"/>
</testsuite> <!-- testCases.TC_003_LoginDDT -->
