<?xml version="1.0" encoding="UTF-8"?>
<!-- Generated by org.testng.reporters.JUnitReportReporter -->
<testsuite hostname="LAPTOP-5MIEA1I1" failures="0" tests="5" name="testCases.TC_003_LoginDDT" time="40.869" errors="0" timestamp="2026-01-14T13:24:45 IST" skipped="0">
  <testcase classname="testCases.TC_003_LoginDDT" name="verify_loginDDT" time="10.672"/>
  <testcase classname="testCases.TC_003_LoginDDT" name="verify_loginDDT" time="10.941"/>
  <testcase classname="testCases.TC_003_LoginDDT" name="verify_loginDDT" time="2.269"/>
  <testcase classname="testCases.TC_003_LoginDDT" name="verify_loginDDT" time="14.814"/>
  <testcase classname="testCases.TC_003_LoginDDT" name="verify_loginDDT" time="2.173"/>
</testsuite> <!-- testCases.TC_003_LoginDDT -->
