<?xml version="1.0" encoding="UTF-8"?>
<!-- Generated by org.testng.reporters.JUnitReportReporter -->
<testsuite hostname="LAPTOP-5MIEA1I1" failures="0" tests="5" name="testCases.TC_003_LoginDDT" time="40.123" errors="0" timestamp="2026-01-19T11:43:42 IST" skipped="0">
  <testcase classname="testCases.TC_003_LoginDDT" name="verify_loginDDT" time="10.869"/>
  <testcase classname="testCases.TC_003_LoginDDT" name="verify_loginDDT" time="13.392"/>
  <testcase classname="testCases.TC_003_LoginDDT" name="verify_loginDDT" time="2.934"/>
  <testcase classname="testCases.TC_003_LoginDDT" name="verify_loginDDT" time="10.816"/>
  <testcase classname="testCases.TC_003_LoginDDT" name="verify_loginDDT" time="2.112"/>
</testsuite> <!-- testCases.TC_003_LoginDDT -->
