<?xml version="1.0" encoding="UTF-8"?>
<!-- Generated by org.testng.reporters.JUnitXMLReporter -->
<testsuite ignored="0" hostname="LAPTOP-5MIEA1I1" failures="1" tests="9" name="Chrome Parallel Classes" time="57.047" errors="0" timestamp="2026-01-13T15:22:40 IST">
  <testcase classname="testCases.TC_002_LoginTest" name="test_Login" time="5.835"/>
  <testcase classname="testCases.TC_005_AddToCart" name="AddingItemsToCart" time="11.009"/>
  <testcase classname="testCases.TC_004_SearchPage" name="verify_product" time="8.993">
    <failure type="java.lang.AssertionError" message="null">
      <![CDATA[java.lang.AssertionError: null
at testCases.TC_004_SearchPage.verify_product(TC_004_SearchPage.java:38)
at java.base/java.util.concurrent.ThreadPoolExecutor.runWorker(ThreadPoolExecutor.java:1130)
at java.base/java.util.concurrent.ThreadPoolExecutor$Worker.run(ThreadPoolExecutor.java:630)
at java.base/java.lang.Thread.run(Thread.java:831)
... Removed 14 stack frames]]>
    </failure>
  </testcase> <!-- verify_product -->
  <testcase classname="testCases.TC_001_AccountRegistrationTest" name="test_account_Registration" time="15.585"/>
  <testcase classname="testCases.TC_003_LoginDDT" name="verify_loginDDT" time="13.837"/>
  <testcase classname="testCases.TC_003_LoginDDT" name="verify_loginDDT" time="11.556"/>
  <testcase classname="testCases.TC_003_LoginDDT" name="verify_loginDDT" time="11.281"/>
  <testcase classname="testCases.TC_003_LoginDDT" name="verify_loginDDT" time="2.005"/>
  <testcase classname="testCases.TC_003_LoginDDT" name="verify_loginDDT" time="1.989"/>
</testsuite> <!-- Chrome Parallel Classes -->
