<?xml version="1.0" encoding="UTF-8"?>
<!-- Generated by org.testng.reporters.JUnitXMLReporter -->
<testsuite ignored="0" hostname="LAPTOP-5MIEA1I1" failures="0" tests="10" name="Chrome Parallel Classes" time="88.111" errors="0" timestamp="2026-01-19T11:43:42 IST">
  <testcase classname="testCases.TC_004_SearchPage" name="verify_product" time="2.131"/>
  <testcase classname="testCases.TC_002_LoginTest" name="test_Login" time="9.063"/>
  <testcase classname="testCases.TC_001_AccountRegistrationTest" name="test_account_Registration" time="11.139"/>
  <testcase classname="testCases.TC_005_AddToCart" name="verify_addToCart" time="12.98"/>
  <testcase classname="testCases.TC_003_LoginDDT" name="verify_loginDDT" time="13.392"/>
  <testcase classname="testCases.TC_003_LoginDDT" name="verify_loginDDT" time="10.869"/>
  <testcase classname="testCases.TC_003_LoginDDT" name="verify_loginDDT" time="10.816"/>
  <testcase classname="testCases.TC_003_LoginDDT" name="verify_loginDDT" time="2.112"/>
  <testcase classname="testCases.TC_003_LoginDDT" name="verify_loginDDT" time="2.934"/>
  <testcase classname="testCases.TC_006_EndToEnd" name="endToendTest" time="66.062"/>
</testsuite> <!-- Chrome Parallel Classes -->
