<?xml version="1.0" encoding="UTF-8"?>
<!-- Generated by org.testng.reporters.JUnitXMLReporter -->
<testsuite ignored="0" hostname="LAPTOP-5MIEA1I1" failures="0" tests="10" name="Chrome Parallel Classes" time="64.026" errors="0" timestamp="2026-01-14T13:24:45 IST">
  <testcase classname="testCases.TC_004_SearchPage" name="verify_product" time="2.147"/>
  <testcase classname="testCases.TC_002_LoginTest" name="test_Login" time="5.604"/>
  <testcase classname="testCases.TC_001_AccountRegistrationTest" name="test_account_Registration" time="15.133"/>
  <testcase classname="testCases.TC_005_AddToCart" name="verify_addToCart" time="14.117"/>
  <testcase classname="testCases.TC_003_LoginDDT" name="verify_loginDDT" time="14.814"/>
  <testcase classname="testCases.TC_003_LoginDDT" name="verify_loginDDT" time="10.941"/>
  <testcase classname="testCases.TC_003_LoginDDT" name="verify_loginDDT" time="10.672"/>
  <testcase classname="testCases.TC_003_LoginDDT" name="verify_loginDDT" time="2.173"/>
  <testcase classname="testCases.TC_003_LoginDDT" name="verify_loginDDT" time="2.269"/>
  <testcase classname="testCases.TC_006_EndToEnd" name="endToendTest" time="44.009"/>
</testsuite> <!-- Chrome Parallel Classes -->
